2024-09-24 15:25:33,554 [ERROR] - Se presento una incidencia al obtener los reistros: ('42000', "[42000] [Microsoft][ODBC SQL Server Driver][SQL Server]Incorrect syntax near 'location'. (102) (SQLExecDirectW)")
2024-09-24 15:25:33,583 [ERROR] - Se presento una incidencia: ('42000', "[42000] [Microsoft][ODBC SQL Server Driver][SQL Server]Incorrect syntax near 'location'. (102) (SQLExecDirectW)")
2024-09-24 15:27:11,137 [ERROR] - Se presento una incidencia al obtener los reistros: ('42000', "[42000] [Microsoft][ODBC SQL Server Driver][SQL Server]Incorrect syntax near 'location'. (102) (SQLExecDirectW)")
2024-09-24 15:27:11,153 [ERROR] - Se presento una incidencia: ('42000', "[42000] [Microsoft][ODBC SQL Server Driver][SQL Server]Incorrect syntax near 'location'. (102) (SQLExecDirectW)")
2024-09-24 16:04:15,081 [ERROR] - Se presento una incidencia al obtener los reistros: ('42000', "[42000] [Microsoft][ODBC SQL Server Driver][SQL Server]Incorrect syntax near 'location'. (102) (SQLExecDirectW)")
2024-09-24 16:04:15,097 [ERROR] - Se presento una incidencia: ('42000', "[42000] [Microsoft][ODBC SQL Server Driver][SQL Server]Incorrect syntax near 'location'. (102) (SQLExecDirectW)")
2024-09-24 16:06:16,779 [ERROR] - Se presento una incidencia al obtener los reistros: ('42000', "[42000] [Microsoft][ODBC SQL Server Driver][SQL Server]Incorrect syntax near 'location'. (102) (SQLExecDirectW)")
2024-09-24 16:06:16,795 [ERROR] - Se presento una incidencia: ('42000', "[42000] [Microsoft][ODBC SQL Server Driver][SQL Server]Incorrect syntax near 'location'. (102) (SQLExecDirectW)")
2024-09-24 16:06:27,723 [ERROR] - Se presento una incidencia al obtener los reistros: ('42000', "[42000] [Microsoft][ODBC SQL Server Driver][SQL Server]Incorrect syntax near 'location'. (102) (SQLExecDirectW)")
2024-09-24 16:06:27,755 [ERROR] - Se presento una incidencia: ('42000', "[42000] [Microsoft][ODBC SQL Server Driver][SQL Server]Incorrect syntax near 'location'. (102) (SQLExecDirectW)")
2024-09-24 16:07:17,513 [ERROR] - Se presento una incidencia al obtener los reistros: ('42000', "[42000] [Microsoft][ODBC SQL Server Driver][SQL Server]Incorrect syntax near 'location'. (102) (SQLExecDirectW)")
2024-09-24 16:07:17,560 [ERROR] - Se presento una incidencia: ('42000', "[42000] [Microsoft][ODBC SQL Server Driver][SQL Server]Incorrect syntax near 'location'. (102) (SQLExecDirectW)")
2024-09-24 16:17:55,086 [ERROR] - Se presento una incidencia al obtener los reistros: ('42000', "[42000] [Microsoft][ODBC SQL Server Driver][SQL Server]Incorrect syntax near 'location'. (102) (SQLExecDirectW)")
2024-09-24 16:17:55,118 [ERROR] - Se presento una incidencia: ('42000', "[42000] [Microsoft][ODBC SQL Server Driver][SQL Server]Incorrect syntax near 'location'. (102) (SQLExecDirectW)")
2024-09-24 16:20:11,032 [ERROR] - Se presento una incidencia al obtener los reistros: ('42S22', "[42S22] [Microsoft][ODBC SQL Server Driver][SQL Server]Invalid column name 'location'. (207) (SQLExecDirectW); [42S22] [Microsoft][ODBC SQL Server Driver][SQL Server]Invalid column name 'TRANSACTION_TYPE'. (207); [42S22] [Microsoft][ODBC SQL Server Driver][SQL Server]Invalid column name 'DATE_TIME_STAMP'. (207); [42S22] [Microsoft][ODBC SQL Server Driver][SQL Server]Invalid column name 'INTERNAL_ID'. (207); [42S22] [Microsoft][ODBC SQL Server Driver][SQL Server]Invalid column name 'REFERENCE_ID'. (207); [42S22] [Microsoft][ODBC SQL Server Driver][SQL Server]Invalid column name 'DATE_TIME_STAMP'. (207); [42S22] [Microsoft][ODBC SQL Server Driver][SQL Server]Invalid column name 'TRANSACTION_TYPE'. (207); [42S22] [Microsoft][ODBC SQL Server Driver][SQL Server]Invalid column name 'LOCATION'. (207); [42S22] [Microsoft][ODBC SQL Server Driver][SQL Server]Invalid column name 'ITEM'. (207); [42S22] [Microsoft][ODBC SQL Server Driver][SQL Server]Invalid column name 'COMPANY'. (207); [42S22] [Microsoft][ODBC SQL Server Driver][SQL Server]Invalid column name 'LOT'. (207); [42S22] [Microsoft][ODBC SQL Server Driver][SQL Server]Invalid column name 'QUANTITY'. (207); [42S22] [Microsoft][ODBC SQL Server Driver][SQL Server]Invalid column name 'QUANTITY_UM'. (207); [42S22] [Microsoft][ODBC SQL Server Driver][SQL Server]Invalid column name 'DIRECTION'. (207); [42S22] [Microsoft][ODBC SQL Server Driver][SQL Server]Invalid column name 'WORK_TYPE'. (207); [42S22] [Microsoft][ODBC SQL Server Driver][SQL Server]Invalid column name 'WORK_TEAM'. (207); [42S22] [Microsoft][ODBC SQL Server Driver][SQL Server]Invalid column name 'INTERNAL_KEY_ID'. (207); [42S22] [Microsoft][ODBC SQL Server Driver][SQL Server]Invalid column name 'WORK_UNIT'. (207); [42S22] [Microsoft][ODBC SQL Server Driver][SQL Server]Invalid column name 'USER_NAME'. (207); [42S22] [Microsoft][ODBC SQL Server Driver][SQL Server]Invalid column name 'USER_DEF1'. (207); [42S22] [Microsoft][ODBC SQL Server Driver][SQL Server]Invalid column name 'EQUIPMENT_TYPE'. (207); [42S22] [Microsoft][ODBC SQL Server Driver][SQL Server]Invalid column name 'warehouseFROM'. (207)")
2024-09-24 16:20:11,063 [ERROR] - Se presento una incidencia: ('42S22', "[42S22] [Microsoft][ODBC SQL Server Driver][SQL Server]Invalid column name 'location'. (207) (SQLExecDirectW); [42S22] [Microsoft][ODBC SQL Server Driver][SQL Server]Invalid column name 'TRANSACTION_TYPE'. (207); [42S22] [Microsoft][ODBC SQL Server Driver][SQL Server]Invalid column name 'DATE_TIME_STAMP'. (207); [42S22] [Microsoft][ODBC SQL Server Driver][SQL Server]Invalid column name 'INTERNAL_ID'. (207); [42S22] [Microsoft][ODBC SQL Server Driver][SQL Server]Invalid column name 'REFERENCE_ID'. (207); [42S22] [Microsoft][ODBC SQL Server Driver][SQL Server]Invalid column name 'DATE_TIME_STAMP'. (207); [42S22] [Microsoft][ODBC SQL Server Driver][SQL Server]Invalid column name 'TRANSACTION_TYPE'. (207); [42S22] [Microsoft][ODBC SQL Server Driver][SQL Server]Invalid column name 'LOCATION'. (207); [42S22] [Microsoft][ODBC SQL Server Driver][SQL Server]Invalid column name 'ITEM'. (207); [42S22] [Microsoft][ODBC SQL Server Driver][SQL Server]Invalid column name 'COMPANY'. (207); [42S22] [Microsoft][ODBC SQL Server Driver][SQL Server]Invalid column name 'LOT'. (207); [42S22] [Microsoft][ODBC SQL Server Driver][SQL Server]Invalid column name 'QUANTITY'. (207); [42S22] [Microsoft][ODBC SQL Server Driver][SQL Server]Invalid column name 'QUANTITY_UM'. (207); [42S22] [Microsoft][ODBC SQL Server Driver][SQL Server]Invalid column name 'DIRECTION'. (207); [42S22] [Microsoft][ODBC SQL Server Driver][SQL Server]Invalid column name 'WORK_TYPE'. (207); [42S22] [Microsoft][ODBC SQL Server Driver][SQL Server]Invalid column name 'WORK_TEAM'. (207); [42S22] [Microsoft][ODBC SQL Server Driver][SQL Server]Invalid column name 'INTERNAL_KEY_ID'. (207); [42S22] [Microsoft][ODBC SQL Server Driver][SQL Server]Invalid column name 'WORK_UNIT'. (207); [42S22] [Microsoft][ODBC SQL Server Driver][SQL Server]Invalid column name 'USER_NAME'. (207); [42S22] [Microsoft][ODBC SQL Server Driver][SQL Server]Invalid column name 'USER_DEF1'. (207); [42S22] [Microsoft][ODBC SQL Server Driver][SQL Server]Invalid column name 'EQUIPMENT_TYPE'. (207); [42S22] [Microsoft][ODBC SQL Server Driver][SQL Server]Invalid column name 'warehouseFROM'. (207)")
2024-09-24 16:24:04,336 [ERROR] - Se presento una incidencia al obtener los reistros: cannot access local variable 'Shorpick' where it is not associated with a value
2024-09-24 16:24:04,344 [ERROR] - Se presento una incidencia: cannot access local variable 'Shorpick' where it is not associated with a value
2024-09-24 16:30:44,818 [ERROR] - Se presento una incidencia: type object 'Shorpick' has no attribute 'semana'
2024-09-24 16:32:00,548 [ERROR] - Se presento una incidencia: type object 'Shorpick' has no attribute 'semana'
2024-09-24 16:32:51,465 [ERROR] - Se presento una incidencia: type object 'Shorpick' has no attribute 'semana'
2024-09-24 16:33:35,396 [ERROR] - Se presento una incidencia: type object 'Shorpick' has no attribute 'semana'
2024-09-24 16:33:41,698 [ERROR] - Se presento una incidencia: type object 'Shorpick' has no attribute 'semana'
2024-09-24 16:35:20,383 [ERROR] - Se presento una incidencia: type object 'Shorpick' has no attribute 'semana'
2024-09-24 16:39:42,220 [ERROR] - Se presento una incidencia: type object 'Unlock' has no attribute 'internal_id'
2024-10-02 16:01:21,450 [ERROR] - Se presento una incidencia: WMSDao.getContainerQc() missing 1 required positional argument: 'self'
2024-10-02 16:07:14,323 [ERROR] - Se presento una incidencia: WMSDao.getContainerQc() missing 1 required positional argument: 'self'
2024-10-02 16:08:17,608 [ERROR] - Se presento una incidencia: WMSDao.getContainerQc() missing 1 required positional argument: 'self'
2024-10-02 16:11:28,433 [ERROR] - Se presento una incidencia: WMSDao.getContainerQc() missing 1 required positional argument: 'self'
2024-10-02 16:11:31,807 [ERROR] - Se presento una incidencia: WMSDao.getContainerQc() missing 1 required positional argument: 'self'
2024-10-02 16:12:03,676 [ERROR] - Se presento una incidencia: WMSDao.getContainerQc() missing 1 required positional argument: 'self'
2024-10-02 16:18:16,060 [ERROR] - Se presento una incidencia: WMSDao.getContainerQc() missing 1 required positional argument: 'self'
2024-10-02 16:19:18,912 [ERROR] - Se presento una incidencia: WMSDao.getContainerQc() missing 1 required positional argument: 'self'
2024-10-02 16:19:20,868 [ERROR] - Se presento una incidencia: WMSDao.getContainerQc() missing 1 required positional argument: 'self'
2024-10-02 16:22:19,206 [ERROR] - Se presento una incidencia: WMSDao.getContainerQc() missing 1 required positional argument: 'self'
2024-10-02 16:27:51,690 [ERROR] - Se presento una incidencia: WMSDao.getContainerQc() missing 1 required positional argument: 'self'
2024-10-02 16:28:05,690 [ERROR] - Se presento una incidencia: WMSDao.getContainerQc() missing 1 required positional argument: 'self'
2024-10-02 16:31:28,135 [ERROR] - Se presento una incidencia: WMSDao.getContainerQc() missing 1 required positional argument: 'self'
2024-10-02 16:31:36,736 [ERROR] - Se presento una incidencia: WMSDao.getContainerQc() missing 1 required positional argument: 'self'
2024-10-02 16:33:49,670 [ERROR] - Se presento una incidencia: WMSDao.getContainerQc() missing 1 required positional argument: 'self'
2024-10-02 16:34:46,782 [ERROR] - Se presento una incidencia: WMSDao.getContainerQc() missing 1 required positional argument: 'self'
2024-10-02 16:36:00,218 [ERROR] - Se presento una incidencia: WMSDao.getContainerQc() missing 1 required positional argument: 'self'
2024-10-02 16:36:03,715 [ERROR] - Se presento una incidencia: WMSDao.getContainerQc() missing 1 required positional argument: 'self'
2024-10-02 16:36:04,425 [ERROR] - Se presento una incidencia: WMSDao.getContainerQc() missing 1 required positional argument: 'self'
2024-10-02 16:36:04,650 [ERROR] - Se presento una incidencia: WMSDao.getContainerQc() missing 1 required positional argument: 'self'
2024-10-02 16:36:04,846 [ERROR] - Se presento una incidencia: WMSDao.getContainerQc() missing 1 required positional argument: 'self'
2024-10-02 16:36:05,042 [ERROR] - Se presento una incidencia: WMSDao.getContainerQc() missing 1 required positional argument: 'self'
2024-10-02 16:36:05,226 [ERROR] - Se presento una incidencia: WMSDao.getContainerQc() missing 1 required positional argument: 'self'
2024-10-02 16:36:05,424 [ERROR] - Se presento una incidencia: WMSDao.getContainerQc() missing 1 required positional argument: 'self'
2024-10-02 16:36:16,442 [ERROR] - Se presento una incidencia: WMSDao.getContainerQc() missing 1 required positional argument: 'self'
2024-10-02 16:36:18,956 [ERROR] - Se presento una incidencia: WMSDao.getContainerQc() missing 1 required positional argument: 'self'
2024-10-02 16:36:33,112 [ERROR] - Se presento una incidencia: WMSDao.getContainerQc() missing 1 required positional argument: 'self'
2024-10-02 16:36:57,951 [ERROR] - Se presento una incidencia: WMSDao.getContainerQc() missing 1 required positional argument: 'self'
2024-10-02 16:38:48,506 [ERROR] - Se presento una incidencia: WMSDao.getContainerQc() missing 1 required positional argument: 'self'
2024-10-02 16:39:38,482 [ERROR] - Se presento una incidencia: WMSDao.getContainerQc() missing 1 required positional argument: 'self'
2024-10-02 16:40:30,462 [ERROR] - Se presento una incidencia: WMSDao.getContainerQc() missing 1 required positional argument: 'self'
2024-10-02 16:40:33,878 [ERROR] - Se presento una incidencia: WMSDao.getContainerQc() missing 1 required positional argument: 'self'
2024-10-02 16:40:34,245 [ERROR] - Se presento una incidencia: WMSDao.getContainerQc() missing 1 required positional argument: 'self'
2024-10-02 16:40:34,506 [ERROR] - Se presento una incidencia: WMSDao.getContainerQc() missing 1 required positional argument: 'self'
2024-10-02 16:40:34,734 [ERROR] - Se presento una incidencia: WMSDao.getContainerQc() missing 1 required positional argument: 'self'
2024-10-02 16:40:34,948 [ERROR] - Se presento una incidencia: WMSDao.getContainerQc() missing 1 required positional argument: 'self'
2024-10-02 16:40:35,183 [ERROR] - Se presento una incidencia: WMSDao.getContainerQc() missing 1 required positional argument: 'self'
2024-10-02 16:40:35,403 [ERROR] - Se presento una incidencia: WMSDao.getContainerQc() missing 1 required positional argument: 'self'
2024-10-02 16:40:35,624 [ERROR] - Se presento una incidencia: WMSDao.getContainerQc() missing 1 required positional argument: 'self'
2024-10-02 16:40:35,844 [ERROR] - Se presento una incidencia: WMSDao.getContainerQc() missing 1 required positional argument: 'self'
2024-10-02 16:40:36,053 [ERROR] - Se presento una incidencia: WMSDao.getContainerQc() missing 1 required positional argument: 'self'
2024-10-02 16:40:36,268 [ERROR] - Se presento una incidencia: WMSDao.getContainerQc() missing 1 required positional argument: 'self'
2024-10-02 16:40:36,535 [ERROR] - Se presento una incidencia: WMSDao.getContainerQc() missing 1 required positional argument: 'self'
2024-10-02 16:40:36,852 [ERROR] - Se presento una incidencia: WMSDao.getContainerQc() missing 1 required positional argument: 'self'
2024-10-02 16:41:03,188 [ERROR] - Se presento una incidencia: WMSDao.getContainerQc() missing 1 required positional argument: 'self'
2024-10-02 16:42:19,054 [ERROR] - Se presento una incidencia: WMSDao.getContainerQc() missing 1 required positional argument: 'self'
2024-10-02 16:43:01,403 [ERROR] - Se presento una incidencia: WMSDao.getContainerQc() missing 1 required positional argument: 'self'
2024-10-02 16:43:29,907 [ERROR] - Se presento una incidencia: WMSDao.getContainerQc() missing 1 required positional argument: 'self'
2024-10-02 16:44:45,320 [ERROR] - Se presento una incidencia: WMSDao.getItemContainerQc() missing 1 required positional argument: 'self'
2024-10-02 16:52:07,288 [ERROR] - Se presento una incidencia: WMSDao.getContainerQc() missing 1 required positional argument: 'self'
2024-10-02 16:55:50,945 [ERROR] - Se presento una incidencia: WMSDao.getContainerQc() missing 1 required positional argument: 'self'
2024-10-02 17:00:49,851 [ERROR] - Se presento una incidencia: WMSDao.getContainerQc() missing 1 required positional argument: 'self'
2024-10-02 17:02:19,038 [ERROR] - Se presento una incidencia: WMSDao.getContainerQc() missing 1 required positional argument: 'self'
2024-10-02 17:08:38,904 [ERROR] - Se presento una incidencia: WMSDao.getContainerQc() missing 1 required positional argument: 'self'
2024-10-02 17:08:57,373 [ERROR] - Se presento una incidencia: WMSDao.getContainerQc() missing 1 required positional argument: 'self'
2024-10-02 17:09:48,905 [ERROR] - Se presento una incidencia: WMSDao.getContainerQc() missing 1 required positional argument: 'self'
2024-10-02 17:19:14,218 [ERROR] - Se presento una incidencia: 'WMSCOLDao' object has no attribute 'getItemContainerQc'
2024-10-02 17:20:48,167 [ERROR] - Se presento una incidencia: 'ItemContenedorQc' object has no attribute 'numocur'
